add   s0, s1,   s2	 -> 0000 0110 0111 1000 00000000	 -> 000001100111100000000000
add   s0, s1, 0x45	 -> 0000 0110 0111 0000 01000101	 -> 000001100111000001000101
adc   s0, s1,   s2	 -> 0010 0110 0111 1000 00000000	 -> 001001100111100000000000
adc   s0, s1, 0x45	 -> 0010 0110 0111 0000 01000101	 -> 001001100111000001000101
addv  s0, s1,   s2	 -> 0001 0110 0111 1000 00000000	 -> 000101100111100000000000
sub   s0, s1,   s2	 -> 0011 0110 0111 1000 00000000	 -> 001101100111100000000000
sub   s0, s1, 0x45	 -> 0011 0110 0111 0000 01000101	 -> 001101100111000001000101
nor   s0, s1,   s2	 -> 0100 0110 0111 1000 00000000	 -> 010001100111100000000000
nor   s0, s1, 0x45	 -> 0100 0110 0111 0000 01000101	 -> 010001100111000001000101
and   s0, s1,   s2	 -> 0101 0110 0111 1000 00000000	 -> 010101100111100000000000
and   s0, s1, 0x45	 -> 0101 0110 0111 0000 01000101	 -> 010101100111000001000101
xor   s0, s1,   s2	 -> 0110 0110 0111 1000 00000000	 -> 011001100111100000000000
xor   s0, s1, 0x45	 -> 0110 0110 0111 0000 01000101	 -> 011001100111000001000101
abs   s0,       s1	 -> 0111 0110 0000 0111 00000000	 -> 011101100000011100000000
limm  s0,   0x4321	 -> 1000 0110 0100 0011 00100001	 -> 100001100100001100100001
rshft s0,       s1	 -> 1001 0110 0000 0111 00000000	 -> 100101100000011100000000


tset  s5, t4, t3, lteq	 -> 1010 1011 0101 0100 00000010	 -> 101010110101010000000010


#test a comment

mvflg s3, 0x00	 -> 1011 0000 1001 0000 00000000	 -> 101100001001000000000000

#should move flags reg to s3

mvflg s3, 0x01	 -> 1011 1001 0000 0000 00000001	 -> 101110010000000000000001

#should move s3 to flags reg

push s0	 -> 1100 0000 0110 0000 00000000	 -> 110000000110000000000000
push s1	 -> 1100 0000 0111 0000 00000000	 -> 110000000111000000000000

pop  s1	 -> 1100 0111 0000 0000 00000001	 -> 110001110000000000000001
pop  s0	 -> 1100 0110 0000 0000 00000001	 -> 110001100000000000000001

#RAM
lw s0, 0x7ff	 -> 1101 0110 0000 1111 11111111	 -> 110101100000111111111111
#7FF is max ram addr
lw s1,    s0	 -> 1101 0111 0110 1000 00000000	 -> 110101110110100000000000

sw s2, 0x7FF	 -> 1101 1000 0000 0111 11111111	 -> 110110000000011111111111
sw s3,    s2	 -> 1101 1001 1000 0000 00000000	 -> 110110011000000000000000

